MPASM  5.39                          LAB9.ASM   5-20-2016  16:15:19         PAGE  1


LOC  OBJECT CODE     LINE SOURCE TEXT
  VALUE

                      00001         
                      00002         list P=PIC12F752
                      00003         #include "p12F752.inc"
                      00001         LIST
                      00002 
                      00003 ;==========================================================================
                      00004 ;  MPASM PIC12F752 processor include
                      00005 ; 
                      00006 ;  (c) Copyright 1999-2010 Microchip Technology, All rights reserved
                      00007 ;==========================================================================
                      00008 
                      00647         LIST
2007   3FE6           00004         __config (_CP_OFF & _WDT_OFF & _PWRTE_ON & _FOSC_INT)
                      00005         errorlevel -302 
                      00006 
                      00007     ORG     0x00            ; processor reset vector
0000   2???           00008     goto    main              ; go to beginning of program
                      00009     
                      00010 
                      00011     ORG     0x004             ; interrupt vector location
0004   2???           00012     goto ISR
0005   0009           00013     retfie                    ; return from interrupt
                      00014         
                      00015 ;
                      00016 ; Variable Defs
                      00017 ;
                      00018 
                      00019 
                      00020 ;
                      00021 ; Tables
                      00022 ;
0006                  00023 FullStepDrive:
0006   0782           00024         addwf PCL,f
0007   3403           00025         retlw 0x03 ;STEP 1,0,1,0
0008   3402           00026         retlw 0x02 ;STEP 1,0,0,1
0009   3400           00027         retlw 0x00 ;STEP 0,1,0,1
000A   3401           00028         retlw 0x01 ;STEP 0,1,1,0
                      00029         
000B                  00030 main:
                      00031 ; ANSEL Definitions
000B   1683 1703      00032         banksel ANSELA
000D   1005           00033         BCF ANSELA, ANSA0
000E   1085           00034         BCF ANSELA, ANSA1
000F   1105           00035         BCF ANSELA, ANSA2
0010   1205           00036         BCF ANSELA, ANSA4
0011   1285           00037         BCF ANSELA, ANSA5
                      00038         
                      00039 ; Pin Definitions
0012   3003           00040         MOVLW 0x03
0013   0585           00041         ANDWF PORTA, f
                      00042         
0014   1005           00043         BCF TRISA, TRISA0
0015   1085           00044         BCF TRISA, TRISA1
MPASM  5.39                          LAB9.ASM   5-20-2016  16:15:19         PAGE  2


LOC  OBJECT CODE     LINE SOURCE TEXT
  VALUE

                      00045 
                      00046         
0016   2???           00047         goto $
                      00048 
0017                  00049 ISR:
                      00050 
                      00051 
                      00052 
                      00053 
                      00054 ; REQUIRED - tell assembler this is the end of source code
3FE6                  00055         end
MPASM  5.39                          LAB9.ASM   5-20-2016  16:15:19         PAGE  3


SYMBOL TABLE
  LABEL                             VALUE 

ADCON0                            0000001E
ADCON1                            0000001F
ADCS0                             00000004
ADCS1                             00000005
ADCS2                             00000006
ADFM                              00000007
ADGO                              00000001
ADIE                              00000006
ADIF                              00000006
ADON                              00000000
ADRES                             0000001C
ADRESH                            0000001D
ADRESL                            0000001C
ANSA0                             00000000
ANSA1                             00000001
ANSA2                             00000002
ANSA4                             00000004
ANSA5                             00000005
ANSELA                            00000185
APFCON                            00000188
BKF0                              00000000
BKF1                              00000001
BKF2                              00000002
BKF3                              00000003
BKR0                              00000004
BKR1                              00000005
BKR2                              00000006
BKR3                              00000007
C                                 00000000
C1CON0                            0000009D
C1CON1                            0000009E
C1HYS                             00000001
C1IE                              00000004
C1IF                              00000004
C1INTN                            00000006
C1INTP                            00000007
C1NCH                             00000000
C1OE                              00000005
C1ON                              00000007
C1OUT                             00000006
C1PCH0                            00000004
C1PCH1                            00000005
C1POL                             00000004
C1SP                              00000002
C1SYNC                            00000000
C2CON0                            0000009B
C2CON1                            0000009C
C2HYS                             00000001
C2IE                              00000005
C2IF                              00000005
C2INTN                            00000006
C2INTP                            00000007
C2NCH                             00000000
MPASM  5.39                          LAB9.ASM   5-20-2016  16:15:19         PAGE  4


SYMBOL TABLE
  LABEL                             VALUE 

C2OE                              00000005
C2ON                              00000007
C2OUT                             00000006
C2PCH0                            00000004
C2PCH1                            00000005
C2POL                             00000004
C2SP                              00000002
C2SYNC                            00000000
CCP1CON                           00000015
CCP1IE                            00000000
CCP1IF                            00000000
CCPM0                             00000000
CCPM1                             00000001
CCPM2                             00000002
CCPM3                             00000003
CCPR1                             00000013
CCPR1H                            00000014
CCPR1L                            00000013
CHS0                              00000002
CHS1                              00000003
CHS2                              00000004
CHS3                              00000005
CM1CON0                           0000009D
CM1CON1                           0000009E
CM2CON0                           0000009B
CM2CON1                           0000009C
CMOUT                             0000009F
CWG1IF                            00000000
CWGAOD0                           00000004
CWGAOD1                           00000005
CWGARSE                           00000006
CWGAS0E                           00000000
CWGAS1E                           00000001
CWGAS2E                           00000002
CWGAS3E                           00000003
CWGASD                            00000198
CWGASDE                           00000007
CWGBKR                            00000193
CWGCON0                           00000195
CWGCON1                           00000196
CWGCON2                           00000197
CWGCS0                            00000001
CWGCS1                            00000002
CWGDBR                            00000194
CWGEN                             00000007
CWGFBK0                           00000003
CWGFBK1                           00000004
CWGFBK2                           00000005
CWGFDB                            00000006
CWGFS0                            00000003
CWGFS1                            00000004
CWGFS2                            00000005
CWGFSEL                           00000002
MPASM  5.39                          LAB9.ASM   5-20-2016  16:15:19         PAGE  5


SYMBOL TABLE
  LABEL                             VALUE 

CWGIE                             00000000
CWGLD                             00000007
CWGO0SEL                          00000000
CWGO1SEL                          00000001
CWGOE0                            00000006
CWGOE1                            00000005
CWGPH                             00000192
CWGPOL0                           00000004
CWGPOL1                           00000003
CWGRBK0                           00000000
CWGRBK1                           00000001
CWGRBK2                           00000002
CWGRDB                            00000007
CWGRS0                            00000000
CWGRS1                            00000001
CWGRS2                            00000002
DACCON0                           00000091
DACCON1                           00000092
DACEN                             00000007
DACOE                             00000005
DACPSS0                           00000002
DACR0                             00000000
DACR1                             00000001
DACR2                             00000002
DACR3                             00000003
DACR4                             00000004
DACRNG                            00000006
DBF0                              00000000
DBF1                              00000001
DBF2                              00000002
DBF3                              00000003
DBR0                              00000004
DBR1                              00000005
DBR2                              00000006
DBR3                              00000007
DC                                00000001
DCB0                              00000004
DCB1                              00000005
F                                 00000001
FSR                               00000004
FVRBUFEN                          00000005
FVRBUFSS                          00000004
FVRCON                            00000090
FVREN                             00000007
FVRRDY                            00000006
FullStepDrive                     00000006
GIE                               00000007
GO                                00000001
GO_DONE                           00000001
GO_NOT_DONE                       00000001
GPIE                              00000003
HLTCKPS0                          00000000
HLTCKPS1                          00000001
MPASM  5.39                          LAB9.ASM   5-20-2016  16:15:19         PAGE  6


SYMBOL TABLE
  LABEL                             VALUE 

HLTCON0                           00000115
HLTCON1                           00000116
HLTERS0                           00000002
HLTERS1                           00000003
HLTERS2                           00000004
HLTFEREN                          00000001
HLTIE                             00000002
HLTIF                             00000002
HLTON                             00000002
HLTOUTPS0                         00000003
HLTOUTPS1                         00000004
HLTOUTPS2                         00000005
HLTOUTPS3                         00000006
HLTPR                             00000114
HLTREREN                          00000000
HLTTMR                            00000113
HTS                               00000002
INDF                              00000000
INTCON                            0000000B
INTE                              00000004
INTEDG                            00000006
INTF                              00000001
IOCAF                             00000008
IOCAF0                            00000000
IOCAF1                            00000001
IOCAF2                            00000002
IOCAF3                            00000003
IOCAF4                            00000004
IOCAF5                            00000005
IOCAN                             00000108
IOCAN0                            00000000
IOCAN1                            00000001
IOCAN3                            00000002
IOCAN4                            00000003
IOCAN5                            00000004
IOCAP                             00000088
IOCAP0                            00000000
IOCAP1                            00000001
IOCAP2                            00000002
IOCAP3                            00000003
IOCAP4                            00000004
IOCAP5                            00000005
IRCF0                             00000004
IRCF1                             00000005
IRP                               00000007
ISR                               00000017
LATA                              00000105
LATA0                             00000000
LATA1                             00000001
LATA2                             00000002
LATA4                             00000004
LATA5                             00000005
LTS                               00000001
MPASM  5.39                          LAB9.ASM   5-20-2016  16:15:19         PAGE  7


SYMBOL TABLE
  LABEL                             VALUE 

MCOUT                             0000009F
MCOUT1                            00000000
MCOUT2                            00000001
NOT_BOR                           00000000
NOT_DONE                          00000001
NOT_GPPU                          00000007
NOT_PD                            00000003
NOT_POR                           00000001
NOT_T1SYNC                        00000002
NOT_TO                            00000004
OPTION_REG                        00000081
OSCCON                            0000008F
OSCTUNE                           00000189
PCL                               00000002
PCLATH                            0000000A
PCON                              0000010F
PEIE                              00000006
PH0                               00000000
PH1                               00000001
PH2                               00000002
PH3                               00000003
PIE1                              0000008C
PIE2                              0000008D
PIE3                              0000008E
PIR1                              0000000C
PIR2                              0000000D
PIR3                              0000000E
PMADR                             0000018E
PMADRH                            0000018F
PMADRL                            0000018E
PMCON1                            0000018C
PMCON2                            0000018D
PMDAT                             00000190
PMDATH                            00000191
PMDATL                            00000190
PORTA                             00000005
PR2                               00000111
PS0                               00000000
PS1                               00000001
PS2                               00000002
PSA                               00000003
RA0                               00000000
RA1                               00000001
RA2                               00000002
RA3                               00000003
RA4                               00000004
RA5                               00000005
RAIF                              00000000
RD                                00000000
STATUS                            00000003
T0CS                              00000005
T0SE                              00000004
T1CKPS0                           00000004
MPASM  5.39                          LAB9.ASM   5-20-2016  16:15:19         PAGE  8


SYMBOL TABLE
  LABEL                             VALUE 

T1CKPS1                           00000005
T1CON                             00000011
T1GCON                            00000012
T1GGO                             00000003
T1GGO_NOT_DONE                    00000003
T1GPOL                            00000006
T1GSEL                            00000004
T1GSPM                            00000004
T1GSS0                            00000000
T1GSS1                            00000001
T1GTM                             00000005
T1GVAL                            00000002
T1OSCEN                           00000003
T2CKPS0                           00000000
T2CKPS1                           00000001
T2CON                             00000112
T2OUTPS0                          00000003
T2OUTPS1                          00000004
T2OUTPS2                          00000005
T2OUTPS3                          00000006
TMR0                              00000001
TMR0IE                            00000005
TMR0IF                            00000002
TMR1CS0                           00000006
TMR1CS1                           00000007
TMR1GE                            00000007
TMR1GIE                           00000007
TMR1GIF                           00000007
TMR1H                             00000010
TMR1IE                            00000000
TMR1IF                            00000000
TMR1L                             0000000F
TMR1ON                            00000000
TMR2                              00000110
TMR2IE                            00000001
TMR2IF                            00000001
TMR2ON                            00000002
TRISA                             00000085
TRISA0                            00000000
TRISA1                            00000001
TRISA2                            00000002
TRISA3                            00000003
TRISA4                            00000004
TRISA5                            00000005
TUN0                              00000000
TUN1                              00000001
TUN2                              00000002
TUN3                              00000003
TUN4                              00000004
VCFG                              00000006
W                                 00000000
WPUA                              0000010C
WPUA0                             00000000
MPASM  5.39                          LAB9.ASM   5-20-2016  16:15:19         PAGE  9


SYMBOL TABLE
  LABEL                             VALUE 

WPUA1                             00000001
WPUA2                             00000002
WPUA3                             00000003
WPUA5                             00000005
WR                                00000001
WREN                              00000002
WUA4                              00000004
Z                                 00000002
_.org_1_0016                      00000016
_BOREN_DIS                        00003CFF
_BOREN_EN                         00003FFF
_BOREN_SLEEP_DIS                  00003EFF
_CKLOUTEN_OFF                     00003FFF
_CKLOUTEN_ON                      00002FFF
_CONFIG                           00002007
_CP_OFF                           00003FFF
_CP_ON                            00003FBF
_DEVID1                           00002006
_FOSC_EC                          00003FFF
_FOSC_INT                         00003FFE
_IDLOC0                           00002000
_IDLOC1                           00002001
_IDLOC2                           00002002
_IDLOC3                           00002003
_MCLRE_OFF                        00003FDF
_MCLRE_ON                         00003FFF
_PWRTE_OFF                        00003FFF
_PWRTE_ON                         00003FEF
_WDT_OFF                          00003FF7
_WDT_ON                           00003FFF
_WRT_ALL                          000033FF
_WRT_FOURTH                       00003BFF
_WRT_HALF                         000037FF
_WRT_OFF                          00003FFF
__12F752                          00000001
__DEBUG                           1
main                              0000000B

Errors   :     0
Warnings :     0 reported,     0 suppressed
Messages :     0 reported,     7 suppressed

