MPASM  5.39                STEPPERMOTORV4.ASM   5-20-2016  16:58:52         PAGE  1


LOC  OBJECT CODE     LINE SOURCE TEXT
  VALUE

                      00001         
                      00002         list P=PIC12F752
                      00003         #include "p12F752.inc"
                      00001         LIST
                      00002 
                      00003 ;==========================================================================
                      00004 ;  MPASM PIC12F752 processor include
                      00005 ; 
                      00006 ;  (c) Copyright 1999-2010 Microchip Technology, All rights reserved
                      00007 ;==========================================================================
                      00008 
                      00647         LIST
2007   3FC6           00004         __config (_CP_OFF & _WDT_OFF & _PWRTE_ON & _FOSC_INT & _MCLRE_OFF)
                      00005 ;       errorlevel -302 
                      00006 
0000                  00007     ORG     0            ; processor reset vector
0000   280A           00008     goto    main              ; go to beginning of program
                      00009 
0004                  00010     ORG     4             ; interrupt vector location
0004   2830           00011     goto        ISR
0005                  00012         ORG     5
                      00013         
                      00014 ;
                      00015 ; Variable Defs
                      00016 ;
                      00017 
  000000F0            00018 WREG_TEMP equ 1xF0 ; Temporary Registers in ALL Banks for Interrupts
  000000F1            00019 STATUS_TEMP equ 1xF1
  000000F2            00020 PCLATH_TEMP equ 1xF2
  00000040            00021 index equ 0x40 ; Index for stepping
  00000041            00022 WriteToPort equ 0x41 
  00000004            00023 DirectionInput equ RA4 ; RA4 Controls Direction
  00000005            00024 ModeInput equ RA5 ; RA5 Controls Mode
                      00025 
                      00026 ;
                      00027 ; Tables
                      00028 ;
0005                  00029 FullStepDrive: ; Definitions for Stepper Steps
0005   0782           00030         addwf PCL, f
0006   3403           00031         retlw 0x03 ;STEP 1,0,1,0
0007   3402           00032         retlw 0x02 ;STEP 1,0,0,1
0008   3400           00033         retlw 0x00 ;STEP 0,1,0,1
0009   3401           00034         retlw 0x01 ;STEP 0,1,1,0
000A                  00035 EndTBL:
                      00036         
000A                  00037 main:
                      00038 ; ANSEL Definitions
000A   1683 1703      00039         banksel ANSELA
Message[302]: Register in operand not in bank 0.  Ensure that bank bits are correct.
000C   1005           00040         BCF ANSELA, ANSA0
Message[302]: Register in operand not in bank 0.  Ensure that bank bits are correct.
000D   1085           00041         BCF ANSELA, ANSA1
Message[302]: Register in operand not in bank 0.  Ensure that bank bits are correct.
MPASM  5.39                STEPPERMOTORV4.ASM   5-20-2016  16:58:52         PAGE  2


LOC  OBJECT CODE     LINE SOURCE TEXT
  VALUE

000E   1105           00042         BCF ANSELA, ANSA2
Message[302]: Register in operand not in bank 0.  Ensure that bank bits are correct.
000F   1205           00043         BCF ANSELA, ANSA4
Message[302]: Register in operand not in bank 0.  Ensure that bank bits are correct.
0010   1285           00044         BCF ANSELA, ANSA5
                      00045         
                      00046 ; Pin Definitions (RA0 and RA1 are outputs)
0011   1683 1303      00047         banksel TRISA
Message[302]: Register in operand not in bank 0.  Ensure that bank bits are correct.
0013   1005           00048         BCF TRISA, TRISA0
Message[302]: Register in operand not in bank 0.  Ensure that bank bits are correct.
0014   1085           00049         BCF TRISA, TRISA1
0015   1283 1703      00050         banksel LATA
Message[302]: Register in operand not in bank 0.  Ensure that bank bits are correct.
0017   1005           00051         bcf LATA, LATA0
Message[302]: Register in operand not in bank 0.  Ensure that bank bits are correct.
0018   1085           00052         bcf LATA, LATA1
                      00053 
                      00054 ; Initialize Timer
0019   1283 1303      00055         banksel INTCON
001B   178B           00056         bsf INTCON, GIE
001C   1283 1703      00057         banksel PR2
001E   30FF           00058         movlw 0xFF
Message[302]: Register in operand not in bank 0.  Ensure that bank bits are correct.
001F   0091           00059         movwf PR2 ; Set PR2 to 255
                      00060 
0020   1283 1703      00061         banksel T2CON
Message[302]: Register in operand not in bank 0.  Ensure that bank bits are correct.
0022   1592           00062         bsf T2CON, T2OUTPS0 ; Postscale Timer2 to 16:1
Message[302]: Register in operand not in bank 0.  Ensure that bank bits are correct.
0023   1612           00063         bsf T2CON, T2OUTPS1
Message[302]: Register in operand not in bank 0.  Ensure that bank bits are correct.
0024   1692           00064         bsf T2CON, T2OUTPS2 
Message[302]: Register in operand not in bank 0.  Ensure that bank bits are correct.
0025   1712           00065         bsf T2CON, T2OUTPS3 
                      00066 ;       bsf T2CON, T2CKPS1      ; Prescale Timer2 to 16:1 
Message[302]: Register in operand not in bank 0.  Ensure that bank bits are correct.
0026   1512           00067         bsf T2CON, TMR2ON ; Turn Timer ON
                      00068         
0027   1683 1303      00069         banksel PIE1 ; Enable Timer2 Interrupt
Message[302]: Register in operand not in bank 0.  Ensure that bank bits are correct.
0029   148C           00070         bsf PIE1, TMR2IE
                      00071 
                      00072 ; Initialize External Interrupts
002A   1283 1303      00073         banksel INTCON
002C   108B           00074         bcf INTCON, INTF ; Clear interrupts before enabling
002D   170B           00075         bsf INTCON, PEIE
002E   160B           00076         bsf INTCON, INTE
                      00077 
002F   282F           00078         goto $
                      00079 
0030                  00080 ISR:
                      00081 
MPASM  5.39                STEPPERMOTORV4.ASM   5-20-2016  16:58:52         PAGE  3


LOC  OBJECT CODE     LINE SOURCE TEXT
  VALUE

0030                  00082 PUSH:
Message[302]: Register in operand not in bank 0.  Ensure that bank bits are correct.
0030   00F0           00083         movwf WREG_TEMP ;save WREG
0031   0803           00084         movf STATUS,W ;store STATUS in WREG
0032   0183           00085         clrf STATUS ;change to file register bank0
Message[302]: Register in operand not in bank 0.  Ensure that bank bits are correct.
0033   00F1           00086         movwf STATUS_TEMP ;save STATUS value
0034   080A           00087         movf PCLATH,W ;store PCLATH in WREG
Message[302]: Register in operand not in bank 0.  Ensure that bank bits are correct.
0035   00F2           00088         movwf PCLATH_TEMP ;save PCLATH value
0036   018A           00089         clrf PCLATH ;change to program memory page0
                      00090 
0037                  00091 ISR_BODY: 
                      00092 ;Figure out which interrupt we triggered
0037   1283 1303      00093         banksel PIR1 
0039   188C           00094         btfsc PIR1, TMR2IF
003A   2840           00095                 goto TimerInterrupt ; If Interrupt came from Timer
003B   1283 1303      00096         banksel INTCON
003D   188B           00097         btfsc INTCON, INTF
003E   2845           00098                 goto ExternalInterrupt ; If Interrupt came externally
003F   284A           00099         goto POP ; At this point, we should have recognized the interrupt, else skip to end
                      00100 
0040                  00101 TimerInterrupt:
0040   108C           00102         bcf PIR1, TMR2IF ; Clear source of interrupt
0041   1E85           00103         btfss PORTA, ModeInput ; Figure out which mode we're in
0042   284A           00104                 goto POP;       ; Ignore interrupt if not in timer mode
0043   2052           00105         call Step; ; Step if mode is set
0044   284A           00106         goto POP;
                      00107 
0045                  00108 ExternalInterrupt:
0045   108B           00109         bcf INTCON, INTF ; Clear source of interrupt
0046   1A85           00110         btfsc PORTA, ModeInput ; Figure out which mode we're in
0047   284A           00111                 goto POP;       ;  If mode bit is set, ignore button
0048   2052           00112         call Step ; Only step if mode is cleared
0049   284A           00113         goto POP
                      00114 
                      00115 
004A                  00116 POP: 
004A   0183           00117         clrf STATUS ;select bank 0
Message[302]: Register in operand not in bank 0.  Ensure that bank bits are correct.
004B   0872           00118         movf PCLATH_TEMP,W ;store saved PCLATH value in WREG
004C   008A           00119         movwf PCLATH ;restore PCLATH
Message[302]: Register in operand not in bank 0.  Ensure that bank bits are correct.
004D   0871           00120         movf STATUS_TEMP,W ;store saved STATUS value in WREG
004E   0083           00121         movwf STATUS ;restore STATUS
Message[302]: Register in operand not in bank 0.  Ensure that bank bits are correct.
004F   0EF0           00122         swapf WREG_TEMP,F ;prepare WREG to be restored
Message[302]: Register in operand not in bank 0.  Ensure that bank bits are correct.
0050   0E70           00123         swapf WREG_TEMP,W ;restore WREG keeping STATUS bits
0051   0009           00124         retfie ;return from interrupt
                      00125 
0052                  00126 Step:
                      00127 ; Figure out which direction to step in
MPASM  5.39                STEPPERMOTORV4.ASM   5-20-2016  16:58:52         PAGE  4


LOC  OBJECT CODE     LINE SOURCE TEXT
  VALUE

0052   1E05           00128         btfss PORTA, DirectionInput
0053   2858           00129                 goto Reverse
0054   0A40           00130 Forward incf index,w
0055   3903           00131         andlw 0x03
0056   00C0           00132         movwf index
0057   285B           00133         goto EndDirectionSet
0058                  00134 Reverse
0058   0340           00135         decf index,w
0059   3903           00136         andlw 0x03
005A   00C0           00137         movwf index
                      00138 
005B                  00139 EndDirectionSet:
                      00140 ; Table lookup to find next step value
005B   3000           00141         movlw FullStepDrive>>8 ; Just in case the table is on another page
005C   008A           00142         movwf PCLATH
005D   0840           00143         movf index, w
005E   2005           00144         call FullStepDrive
                      00145 ; Write w to port
005F   00C1           00146         movwf WriteToPort ; Temporarily store the w register
0060   30FC           00147         movlw 0xFC
Message[302]: Register in operand not in bank 0.  Ensure that bank bits are correct.
0061   0585           00148         andwf LATA, f ; Clear two output bits of LATA
0062   0841           00149         movf WriteToPort, w     
Message[302]: Register in operand not in bank 0.  Ensure that bank bits are correct.
0063   0485           00150         IORWF LATA, f ; Write value to port
0064   0008           00151         return
                      00152 
                      00153 ; Subroutine used for debugging interrupts
0065                  00154 Toggle: 
0065   1283 1703      00155         banksel LATA    
Message[302]: Register in operand not in bank 0.  Ensure that bank bits are correct.
0067   1C05           00156         btfss LATA, LATA0
0068   286B           00157                 goto Clear
Message[302]: Register in operand not in bank 0.  Ensure that bank bits are correct.
0069   1005           00158         bcf LATA,LATA0
006A   286C           00159         goto Done
006B                  00160 Clear;
Message[302]: Register in operand not in bank 0.  Ensure that bank bits are correct.
006B   1405           00161         bsf LATA,LATA0
006C                  00162 Done:
006C   0008           00163         return
                      00164         
                      00165 
                      00166 ; REQUIRED - tell assembler this is the end of source code
                      00167         end
MPASM  5.39                STEPPERMOTORV4.ASM   5-20-2016  16:58:52         PAGE  5


SYMBOL TABLE
  LABEL                             VALUE 

ADCON0                            0000001E
ADCON1                            0000001F
ADCS0                             00000004
ADCS1                             00000005
ADCS2                             00000006
ADFM                              00000007
ADGO                              00000001
ADIE                              00000006
ADIF                              00000006
ADON                              00000000
ADRES                             0000001C
ADRESH                            0000001D
ADRESL                            0000001C
ANSA0                             00000000
ANSA1                             00000001
ANSA2                             00000002
ANSA4                             00000004
ANSA5                             00000005
ANSELA                            00000185
APFCON                            00000188
BKF0                              00000000
BKF1                              00000001
BKF2                              00000002
BKF3                              00000003
BKR0                              00000004
BKR1                              00000005
BKR2                              00000006
BKR3                              00000007
C                                 00000000
C1CON0                            0000009D
C1CON1                            0000009E
C1HYS                             00000001
C1IE                              00000004
C1IF                              00000004
C1INTN                            00000006
C1INTP                            00000007
C1NCH                             00000000
C1OE                              00000005
C1ON                              00000007
C1OUT                             00000006
C1PCH0                            00000004
C1PCH1                            00000005
C1POL                             00000004
C1SP                              00000002
C1SYNC                            00000000
C2CON0                            0000009B
C2CON1                            0000009C
C2HYS                             00000001
C2IE                              00000005
C2IF                              00000005
C2INTN                            00000006
C2INTP                            00000007
C2NCH                             00000000
MPASM  5.39                STEPPERMOTORV4.ASM   5-20-2016  16:58:52         PAGE  6


SYMBOL TABLE
  LABEL                             VALUE 

C2OE                              00000005
C2ON                              00000007
C2OUT                             00000006
C2PCH0                            00000004
C2PCH1                            00000005
C2POL                             00000004
C2SP                              00000002
C2SYNC                            00000000
CCP1CON                           00000015
CCP1IE                            00000000
CCP1IF                            00000000
CCPM0                             00000000
CCPM1                             00000001
CCPM2                             00000002
CCPM3                             00000003
CCPR1                             00000013
CCPR1H                            00000014
CCPR1L                            00000013
CHS0                              00000002
CHS1                              00000003
CHS2                              00000004
CHS3                              00000005
CM1CON0                           0000009D
CM1CON1                           0000009E
CM2CON0                           0000009B
CM2CON1                           0000009C
CMOUT                             0000009F
CWG1IF                            00000000
CWGAOD0                           00000004
CWGAOD1                           00000005
CWGARSE                           00000006
CWGAS0E                           00000000
CWGAS1E                           00000001
CWGAS2E                           00000002
CWGAS3E                           00000003
CWGASD                            00000198
CWGASDE                           00000007
CWGBKR                            00000193
CWGCON0                           00000195
CWGCON1                           00000196
CWGCON2                           00000197
CWGCS0                            00000001
CWGCS1                            00000002
CWGDBR                            00000194
CWGEN                             00000007
CWGFBK0                           00000003
CWGFBK1                           00000004
CWGFBK2                           00000005
CWGFDB                            00000006
CWGFS0                            00000003
CWGFS1                            00000004
CWGFS2                            00000005
CWGFSEL                           00000002
MPASM  5.39                STEPPERMOTORV4.ASM   5-20-2016  16:58:52         PAGE  7


SYMBOL TABLE
  LABEL                             VALUE 

CWGIE                             00000000
CWGLD                             00000007
CWGO0SEL                          00000000
CWGO1SEL                          00000001
CWGOE0                            00000006
CWGOE1                            00000005
CWGPH                             00000192
CWGPOL0                           00000004
CWGPOL1                           00000003
CWGRBK0                           00000000
CWGRBK1                           00000001
CWGRBK2                           00000002
CWGRDB                            00000007
CWGRS0                            00000000
CWGRS1                            00000001
CWGRS2                            00000002
Clear                             0000006B
DACCON0                           00000091
DACCON1                           00000092
DACEN                             00000007
DACOE                             00000005
DACPSS0                           00000002
DACR0                             00000000
DACR1                             00000001
DACR2                             00000002
DACR3                             00000003
DACR4                             00000004
DACRNG                            00000006
DBF0                              00000000
DBF1                              00000001
DBF2                              00000002
DBF3                              00000003
DBR0                              00000004
DBR1                              00000005
DBR2                              00000006
DBR3                              00000007
DC                                00000001
DCB0                              00000004
DCB1                              00000005
DirectionInput                    00000004
Done                              0000006C
EndDirectionSet                   0000005B
EndTBL                            0000000A
ExternalInterrupt                 00000045
F                                 00000001
FSR                               00000004
FVRBUFEN                          00000005
FVRBUFSS                          00000004
FVRCON                            00000090
FVREN                             00000007
FVRRDY                            00000006
Forward                           00000054
FullStepDrive                     00000005
MPASM  5.39                STEPPERMOTORV4.ASM   5-20-2016  16:58:52         PAGE  8


SYMBOL TABLE
  LABEL                             VALUE 

GIE                               00000007
GO                                00000001
GO_DONE                           00000001
GO_NOT_DONE                       00000001
GPIE                              00000003
HLTCKPS0                          00000000
HLTCKPS1                          00000001
HLTCON0                           00000115
HLTCON1                           00000116
HLTERS0                           00000002
HLTERS1                           00000003
HLTERS2                           00000004
HLTFEREN                          00000001
HLTIE                             00000002
HLTIF                             00000002
HLTON                             00000002
HLTOUTPS0                         00000003
HLTOUTPS1                         00000004
HLTOUTPS2                         00000005
HLTOUTPS3                         00000006
HLTPR                             00000114
HLTREREN                          00000000
HLTTMR                            00000113
HTS                               00000002
INDF                              00000000
INTCON                            0000000B
INTE                              00000004
INTEDG                            00000006
INTF                              00000001
IOCAF                             00000008
IOCAF0                            00000000
IOCAF1                            00000001
IOCAF2                            00000002
IOCAF3                            00000003
IOCAF4                            00000004
IOCAF5                            00000005
IOCAN                             00000108
IOCAN0                            00000000
IOCAN1                            00000001
IOCAN3                            00000002
IOCAN4                            00000003
IOCAN5                            00000004
IOCAP                             00000088
IOCAP0                            00000000
IOCAP1                            00000001
IOCAP2                            00000002
IOCAP3                            00000003
IOCAP4                            00000004
IOCAP5                            00000005
IRCF0                             00000004
IRCF1                             00000005
IRP                               00000007
ISR                               00000030
MPASM  5.39                STEPPERMOTORV4.ASM   5-20-2016  16:58:52         PAGE  9


SYMBOL TABLE
  LABEL                             VALUE 

ISR_BODY                          00000037
LATA                              00000105
LATA0                             00000000
LATA1                             00000001
LATA2                             00000002
LATA4                             00000004
LATA5                             00000005
LTS                               00000001
MCOUT                             0000009F
MCOUT1                            00000000
MCOUT2                            00000001
ModeInput                         00000005
NOT_BOR                           00000000
NOT_DONE                          00000001
NOT_GPPU                          00000007
NOT_PD                            00000003
NOT_POR                           00000001
NOT_T1SYNC                        00000002
NOT_TO                            00000004
OPTION_REG                        00000081
OSCCON                            0000008F
OSCTUNE                           00000189
PCL                               00000002
PCLATH                            0000000A
PCLATH_TEMP                       000000F2
PCON                              0000010F
PEIE                              00000006
PH0                               00000000
PH1                               00000001
PH2                               00000002
PH3                               00000003
PIE1                              0000008C
PIE2                              0000008D
PIE3                              0000008E
PIR1                              0000000C
PIR2                              0000000D
PIR3                              0000000E
PMADR                             0000018E
PMADRH                            0000018F
PMADRL                            0000018E
PMCON1                            0000018C
PMCON2                            0000018D
PMDAT                             00000190
PMDATH                            00000191
PMDATL                            00000190
POP                               0000004A
PORTA                             00000005
PR2                               00000111
PS0                               00000000
PS1                               00000001
PS2                               00000002
PSA                               00000003
PUSH                              00000030
MPASM  5.39                STEPPERMOTORV4.ASM   5-20-2016  16:58:52         PAGE 10


SYMBOL TABLE
  LABEL                             VALUE 

RA0                               00000000
RA1                               00000001
RA2                               00000002
RA3                               00000003
RA4                               00000004
RA5                               00000005
RAIF                              00000000
RD                                00000000
Reverse                           00000058
STATUS                            00000003
STATUS_TEMP                       000000F1
Step                              00000052
T0CS                              00000005
T0SE                              00000004
T1CKPS0                           00000004
T1CKPS1                           00000005
T1CON                             00000011
T1GCON                            00000012
T1GGO                             00000003
T1GGO_NOT_DONE                    00000003
T1GPOL                            00000006
T1GSEL                            00000004
T1GSPM                            00000004
T1GSS0                            00000000
T1GSS1                            00000001
T1GTM                             00000005
T1GVAL                            00000002
T1OSCEN                           00000003
T2CKPS0                           00000000
T2CKPS1                           00000001
T2CON                             00000112
T2OUTPS0                          00000003
T2OUTPS1                          00000004
T2OUTPS2                          00000005
T2OUTPS3                          00000006
TMR0                              00000001
TMR0IE                            00000005
TMR0IF                            00000002
TMR1CS0                           00000006
TMR1CS1                           00000007
TMR1GE                            00000007
TMR1GIE                           00000007
TMR1GIF                           00000007
TMR1H                             00000010
TMR1IE                            00000000
TMR1IF                            00000000
TMR1L                             0000000F
TMR1ON                            00000000
TMR2                              00000110
TMR2IE                            00000001
TMR2IF                            00000001
TMR2ON                            00000002
TRISA                             00000085
MPASM  5.39                STEPPERMOTORV4.ASM   5-20-2016  16:58:52         PAGE 11


SYMBOL TABLE
  LABEL                             VALUE 

TRISA0                            00000000
TRISA1                            00000001
TRISA2                            00000002
TRISA3                            00000003
TRISA4                            00000004
TRISA5                            00000005
TUN0                              00000000
TUN1                              00000001
TUN2                              00000002
TUN3                              00000003
TUN4                              00000004
TimerInterrupt                    00000040
Toggle                            00000065
VCFG                              00000006
W                                 00000000
WPUA                              0000010C
WPUA0                             00000000
WPUA1                             00000001
WPUA2                             00000002
WPUA3                             00000003
WPUA5                             00000005
WR                                00000001
WREG_TEMP                         000000F0
WREN                              00000002
WUA4                              00000004
WriteToPort                       00000041
Z                                 00000002
_BOREN_DIS                        00003CFF
_BOREN_EN                         00003FFF
_BOREN_SLEEP_DIS                  00003EFF
_CKLOUTEN_OFF                     00003FFF
_CKLOUTEN_ON                      00002FFF
_CONFIG                           00002007
_CP_OFF                           00003FFF
_CP_ON                            00003FBF
_DEVID1                           00002006
_FOSC_EC                          00003FFF
_FOSC_INT                         00003FFE
_IDLOC0                           00002000
_IDLOC1                           00002001
_IDLOC2                           00002002
_IDLOC3                           00002003
_MCLRE_OFF                        00003FDF
_MCLRE_ON                         00003FFF
_PWRTE_OFF                        00003FFF
_PWRTE_ON                         00003FEF
_WDT_OFF                          00003FF7
_WDT_ON                           00003FFF
_WRT_ALL                          000033FF
_WRT_FOURTH                       00003BFF
_WRT_HALF                         000037FF
_WRT_OFF                          00003FFF
__12F752                          00000001
MPASM  5.39                STEPPERMOTORV4.ASM   5-20-2016  16:58:52         PAGE 12


SYMBOL TABLE
  LABEL                             VALUE 

__DEBUG                           1
index                             00000040
main                              0000000A


MEMORY USAGE MAP ('X' = Used,  '-' = Unused)

0000 : X---XXXXXXXXXXXX XXXXXXXXXXXXXXXX XXXXXXXXXXXXXXXX XXXXXXXXXXXXXXXX
0040 : XXXXXXXXXXXXXXXX XXXXXXXXXXXXXXXX XXXXXXXXXXXXX--- ----------------
2000 : -------X-------- ---------------- ---------------- ----------------

All other memory blocks unused.

Program Memory Words Used:   106
Program Memory Words Free:   918


Errors   :     0
Warnings :     0 reported,     0 suppressed
Messages :    28 reported,     0 suppressed

